Unsupposrted library path: E:\Stomt Studio\ChufengjingPlusMod\build\classes\java\api
Unsupposrted library path: E:\Stomt Studio\ChufengjingPlusMod\build\resources\api
Symbol range map extraction starting
Processing 9 files
startProcessing "world/stomt/dream/chufengjingplus/ChufengjingPlusMod.java" md5: 78abe667d2f185d73f9acdba63ca4baf
endProcessing "world/stomt/dream/chufengjingplus/ChufengjingPlusMod.java"

startProcessing "world/stomt/dream/chufengjingplus/ChufengjingPlusModVariables.java" md5: 0639a8578c1915892a70abc5a660dc2d
endProcessing "world/stomt/dream/chufengjingplus/ChufengjingPlusModVariables.java"

startProcessing "world/stomt/dream/chufengjingplus/ClientProxyChufengjingPlusMod.java" md5: 9229d607bf86e692bdc4d1531be15c7f
endProcessing "world/stomt/dream/chufengjingplus/ClientProxyChufengjingPlusMod.java"

startProcessing "world/stomt/dream/chufengjingplus/ElementsChufengjingPlusMod.java" md5: ca7bef39af251f8b2d082b562333724c
endProcessing "world/stomt/dream/chufengjingplus/ElementsChufengjingPlusMod.java"

startProcessing "world/stomt/dream/chufengjingplus/IProxyChufengjingPlusMod.java" md5: b0a047d5f7f3a7f080679bbbcc2824b7
endProcessing "world/stomt/dream/chufengjingplus/IProxyChufengjingPlusMod.java"

startProcessing "world/stomt/dream/chufengjingplus/ServerProxyChufengjingPlusMod.java" md5: 6c5a34a1ec096538e23b8a9f98209dc0
endProcessing "world/stomt/dream/chufengjingplus/ServerProxyChufengjingPlusMod.java"

startProcessing "world/stomt/dream/chufengjingplus/block/BlockChufengLine1.java" md5: e7b5dbf13a8d9e45fa5e38d9b02cc712
endProcessing "world/stomt/dream/chufengjingplus/block/BlockChufengLine1.java"

startProcessing "world/stomt/dream/chufengjingplus/creativetab/TabChufengjingMetroLines.java" md5: 6f2c7aebf5340693bbc354083bfaf299
endProcessing "world/stomt/dream/chufengjingplus/creativetab/TabChufengjingMetroLines.java"

startProcessing "world/stomt/dream/chufengjingplus/item/ItemChufengjing.java" md5: 269125c444d98e87416d399bec94ae00
endProcessing "world/stomt/dream/chufengjingplus/item/ItemChufengjing.java"

